Using pre-set license
Built from '2020.3/release' branch; Version is '2020.3.1f1 (77a89f25062f) revision 7841951'; Using compiler version '192528614'; Build Type 'Release'
OS: 'Windows 10 Education; OS build 19042.867; Version 2009; 64bit' Language: 'en' Physical Memory: 16327 MB
BatchMode: 1, IsHumanControllingUs: 0, StartBugReporterOnCrash: 0, Is64bit: 1, IsPro: 0

 COMMAND LINE ARGUMENTS:
C:\Program Files\Unity\Hub\Editor\2020.3.1f1\Editor\Unity.exe
-adb2
-batchMode
-noUpm
-name
AssetImportWorker0
-projectPath
D:/WIPProjects/DJ3D
-logFile
Logs/AssetImportWorker0.log
-srvPort
64780
Successfully changed project path to: D:/WIPProjects/DJ3D
D:/WIPProjects/DJ3D
Using Asset Import Pipeline V2.
Refreshing native plugins compatible for Editor in 44.26 ms, found 0 plugins.
Preloading 0 native plugins for Editor in 0.00 ms.
Initialize engine version: 2020.3.1f1 (77a89f25062f)
[Subsystems] Discovering subsystems at path C:/Program Files/Unity/Hub/Editor/2020.3.1f1/Editor/Data/Resources/UnitySubsystems
[Subsystems] Discovering subsystems at path D:/WIPProjects/DJ3D/Assets
GfxDevice: creating device client; threaded=0
Direct3D:
    Version:  Direct3D 11.0 [level 11.1]
    Renderer: Radeon (TM) RX 480 Graphics (ID=0x67df)
    Vendor:   
    VRAM:     8171 MB
    Driver:   27.20.1034.6
Initialize mono
Mono path[0] = 'C:/Program Files/Unity/Hub/Editor/2020.3.1f1/Editor/Data/Managed'
Mono path[1] = 'C:/Program Files/Unity/Hub/Editor/2020.3.1f1/Editor/Data/MonoBleedingEdge/lib/mono/unityjit'
Mono config path = 'C:/Program Files/Unity/Hub/Editor/2020.3.1f1/Editor/Data/MonoBleedingEdge/etc'
Using monoOptions --debugger-agent=transport=dt_socket,embedding=1,server=y,suspend=n,address=127.0.0.1:56532
Begin MonoManager ReloadAssembly
Registering precompiled unity dll's ...
Register platform support module: C:/Program Files/Unity/Hub/Editor/2020.3.1f1/Editor/Data/PlaybackEngines/WindowsStandaloneSupport/UnityEditor.WindowsStandalone.Extensions.dll
Registered in 0.003007 seconds.
Native extension for WindowsStandalone target not found
Refreshing native plugins compatible for Editor in 39.79 ms, found 0 plugins.
Preloading 0 native plugins for Editor in 0.00 ms.
Invoked RoslynAnalysisRunner static constructor.
RoslynAnalysisRunner will not be running.
RoslynAnalysisRunner has terminated.
Mono: successfully reloaded assembly
- Completed reload, in  1.484 seconds
Platform modules already initialized, skipping
Registering precompiled user dll's ...
Registered in 0.000836 seconds.
Begin MonoManager ReloadAssembly
Native extension for WindowsStandalone target not found
Refreshing native plugins compatible for Editor in 0.38 ms, found 0 plugins.
Preloading 0 native plugins for Editor in 0.00 ms.
Invoked RoslynAnalysisRunner static constructor.
RoslynAnalysisRunner will not be running.
RoslynAnalysisRunner has terminated.
Mono: successfully reloaded assembly
- Completed reload, in  1.428 seconds
Platform modules already initialized, skipping
========================================================================
Worker process is ready to serve import requests
Launched and connected shader compiler UnityShaderCompiler.exe after 0.08 seconds
Refreshing native plugins compatible for Editor in 0.35 ms, found 0 plugins.
Preloading 0 native plugins for Editor in 0.00 ms.
Unloading 1618 Unused Serialized files (Serialized files now loaded: 0)
System memory in use before: 81.5 MB.
System memory in use after: 81.6 MB.

Unloading 72 unused Assets to reduce memory usage. Loaded Objects now: 2059.
Total: 6.237200 ms (FindLiveObjects: 3.173400 ms CreateObjectMapping: 0.210800 ms MarkObjects: 2.653500 ms  DeleteObjects: 0.197700 ms)

========================================================================
Received Import Request.
  path: Assets/Scenes/BasicLerps.unity
  artifactKey: Guid(651075871f0ddea4d8272f6178cfff56) Importer(815301076,1909f56bfc062723c751e8b465ee728b)
Start importing Assets/Scenes/BasicLerps.unity using Guid(651075871f0ddea4d8272f6178cfff56) Importer(815301076,1909f56bfc062723c751e8b465ee728b)  -> (artifact id: '35a195314711662a6fa6a1d9ecc47b1a') in 0.028404 seconds
  Import took 0.031791 seconds .

========================================================================
Received Import Request.
  Time since last request: 7.355802 seconds.
  path: Assets/Scenes/BasicMovement.unity
  artifactKey: Guid(bab21e4a270d55646bcda218a995615b) Importer(815301076,1909f56bfc062723c751e8b465ee728b)
Start importing Assets/Scenes/BasicMovement.unity using Guid(bab21e4a270d55646bcda218a995615b) Importer(815301076,1909f56bfc062723c751e8b465ee728b)  -> (artifact id: '0c2eb135ec8198f530446f0f8a42da42') in 0.012222 seconds
  Import took 0.015960 seconds .

========================================================================
Received Import Request.
  Time since last request: 5.965795 seconds.
  path: Assets/Scenes/Curves.unity
  artifactKey: Guid(02ac43882d1bde14b80707faf02297c7) Importer(815301076,1909f56bfc062723c751e8b465ee728b)
Start importing Assets/Scenes/Curves.unity using Guid(02ac43882d1bde14b80707faf02297c7) Importer(815301076,1909f56bfc062723c751e8b465ee728b)  -> (artifact id: '73c79598d663a7cee42da06aa6e5cd18') in 0.010230 seconds
  Import took 0.015057 seconds .

========================================================================
Received Import Request.
  Time since last request: 44.976864 seconds.
  path: Assets/Octave-Sounds/beeps
  artifactKey: Guid(066139cb33fbdde49b2b4f250e5447a5) Importer(815301076,1909f56bfc062723c751e8b465ee728b)
Start importing Assets/Octave-Sounds/beeps using Guid(066139cb33fbdde49b2b4f250e5447a5) Importer(815301076,1909f56bfc062723c751e8b465ee728b)  -> (artifact id: '31d26aefb0d4cf6d7a62cfc307d98fba') in 0.025725 seconds
  Import took 0.029401 seconds .

========================================================================
Received Import Request.
  Time since last request: 22.464684 seconds.
  path: Assets/Scenes/ObjectExplorer.unity
  artifactKey: Guid(d9a3f962d209b0845b978c8bbca17486) Importer(815301076,1909f56bfc062723c751e8b465ee728b)
Start importing Assets/Scenes/ObjectExplorer.unity using Guid(d9a3f962d209b0845b978c8bbca17486) Importer(815301076,1909f56bfc062723c751e8b465ee728b)  -> (artifact id: 'f4cf2e6f30657e3ef252d2b21634c823') in 0.009860 seconds
  Import took 0.013652 seconds .

========================================================================
Received Import Request.
  Time since last request: 3.016319 seconds.
  path: Assets/Scenes/SampleScene.unity
  artifactKey: Guid(9fc0d4010bbf28b4594072e72b8655ab) Importer(815301076,1909f56bfc062723c751e8b465ee728b)
Start importing Assets/Scenes/SampleScene.unity using Guid(9fc0d4010bbf28b4594072e72b8655ab) Importer(815301076,1909f56bfc062723c751e8b465ee728b)  -> (artifact id: '54f3d95e51b1ca187501299d8c07d865') in 0.011085 seconds
  Import took 0.014855 seconds .

========================================================================
Received Import Request.
  Time since last request: 155.420342 seconds.
  path: Assets/Scenes/Lerp.unity
  artifactKey: Guid(62005af788840c24b8b797f095c6c9e2) Importer(815301076,1909f56bfc062723c751e8b465ee728b)
Start importing Assets/Scenes/Lerp.unity using Guid(62005af788840c24b8b797f095c6c9e2) Importer(815301076,1909f56bfc062723c751e8b465ee728b)  -> (artifact id: '153c926adcfda6087fc2690cac233b10') in 0.027507 seconds
  Import took 0.032106 seconds .

========================================================================
Received Import Request.
  Time since last request: 55.236483 seconds.
  path: Assets/Scenes/BasicLerp2D.unity
  artifactKey: Guid(55cd3142a7a0109478fd08b48c28ef0b) Importer(815301076,1909f56bfc062723c751e8b465ee728b)
Start importing Assets/Scenes/BasicLerp2D.unity using Guid(55cd3142a7a0109478fd08b48c28ef0b) Importer(815301076,1909f56bfc062723c751e8b465ee728b)  -> (artifact id: '9688dd80dc7c5cdb2f4303d61138203a') in 0.008733 seconds
  Import took 0.018415 seconds .

========================================================================
Received Import Request.
  Time since last request: 12.837024 seconds.
  path: Assets/Scenes/Basics.unity
  artifactKey: Guid(52d7d7315e8868f4dbc4d13be825c688) Importer(815301076,1909f56bfc062723c751e8b465ee728b)
Start importing Assets/Scenes/Basics.unity using Guid(52d7d7315e8868f4dbc4d13be825c688) Importer(815301076,1909f56bfc062723c751e8b465ee728b)  -> (artifact id: '8dc75bd112c82d8eb4f69d8e96065178') in 0.010221 seconds
  Import took 0.014343 seconds .

AssetImportWorkerClient::OnTransportError - code=2 error=End of file
